<?xml version="1.0" encoding="UTF-8"?>
<!-- Generated by org.testng.reporters.JUnitXMLReporter -->
<testsuite ignored="0" hostname="Collaberas-MacBook-Pro.local" failures="0" tests="2" name="Facebook Create Account" time="31.563" errors="0" timestamp="2023-04-19T10:08:15 PST">
  <testcase classname="com.TestNumber2" name="@AfterMethod afterMethod" time="0.004">
    <failure type="java.lang.NullPointerException" message="Cannot invoke &amp;quot;org.openqa.selenium.WebDriver.close()&amp;quot; because &amp;quot;this.driver&amp;quot; is null">
      <![CDATA[java.lang.NullPointerException: Cannot invoke "org.openqa.selenium.WebDriver.close()" because "this.driver" is null
at com.TestNumber2.afterMethod(TestNumber2.java:91)
at java.base/java.util.ArrayList.forEach(ArrayList.java:1511)
... Removed 30 stack frames]]>
    </failure>
  </testcase> <!-- @AfterMethod afterMethod -->
  <testcase classname="com.TestNumber3" name="@BeforeMethod setUp" time="0.006">
    <failure type="java.lang.IllegalStateException" message="The driver executable must exist: /path/to/chromedriver">
      <![CDATA[java.lang.IllegalStateException: The driver executable must exist: /path/to/chromedriver
at org.openqa.selenium.internal.Require$FileStateChecker.isFile(Require.java:345)
at org.openqa.selenium.remote.service.DriverFinder.getPath(DriverFinder.java:39)
at org.openqa.selenium.chrome.ChromeDriver.generateExecutor(ChromeDriver.java:98)
at org.openqa.selenium.chrome.ChromeDriver.<init>(ChromeDriver.java:88)
at org.openqa.selenium.chrome.ChromeDriver.<init>(ChromeDriver.java:84)
at org.openqa.selenium.chrome.ChromeDriver.<init>(ChromeDriver.java:52)
at com.TestNumber3.setUp(TestNumber3.java:17)
at java.base/java.util.ArrayList.forEach(ArrayList.java:1511)
... Removed 29 stack frames]]>
    </failure>
  </testcase> <!-- @BeforeMethod setUp -->
  <testcase classname="com.TestNumber3" name="@AfterMethod tearDown" time="-1.681870090468E9">
    <skipped/>
  </testcase> <!-- @AfterMethod tearDown -->
  <testcase classname="com.TestNumber2" name="createAccount" time="10.467"/>
  <testcase classname="com.TestNumber3" name="testCreateAccount" time="0.0">
    <skipped/>
  </testcase> <!-- testCreateAccount -->
</testsuite> <!-- Facebook Create Account -->
